<?xml version="1.0" encoding="UTF-8"?>
<!-- Generated by org.testng.reporters.JUnitReportReporter -->
<testsuite hostname="MC-N351938" failures="0" tests="1" name="tests.testfilters" time="10.108" errors="0" timestamp="2022-12-05T13:52:46 GMT" skipped="0">
  <testcase classname="tests.testfilters" name="testvalidfilter" time="10.108"/>
  <system-out/>
</testsuite> <!-- tests.testfilters -->
