<?xml version="1.0" encoding="UTF-8"?>
<!-- Generated by org.testng.reporters.JUnitReportReporter -->
<testsuite hostname="MC-N351938" failures="0" tests="1" name="tests.testfilters" time="9.908" errors="0" timestamp="2022-12-03T00:10:52 GMT" skipped="0">
  <testcase classname="tests.testfilters" name="testvalidfilter" time="9.908"/>
  <system-out/>
</testsuite> <!-- tests.testfilters -->
